<?xml version="1.0" encoding="utf-8"?><testsuites name="pytest tests"><testsuite name="pytest" errors="0" failures="0" skipped="0" tests="18" time="5.683" timestamp="2026-03-11T22:40:15.843604+00:00" hostname="agent-env-35e01ef9-a33a-48c4-95f5-8be3cb9412c7"><testcase classname="tests.test_auth_and_trends.TestAuthRegister" name="test_register_creates_account_and_returns_token" time="0.542" /><testcase classname="tests.test_auth_and_trends.TestAuthRegister" name="test_register_returns_409_for_duplicate_email" time="0.113" /><testcase classname="tests.test_auth_and_trends.TestAuthRegister" name="test_register_returns_400_for_short_password" time="0.070" /><testcase classname="tests.test_auth_and_trends.TestAuthLogin" name="test_login_returns_token_for_valid_credentials" time="0.284" /><testcase classname="tests.test_auth_and_trends.TestAuthLogin" name="test_login_returns_401_for_invalid_credentials" time="0.288" /><testcase classname="tests.test_auth_and_trends.TestAuthLogin" name="test_login_returns_401_for_nonexistent_email" time="0.066" /><testcase classname="tests.test_auth_and_trends.TestAuthMe" name="test_me_returns_user_profile_with_valid_token" time="0.359" /><testcase classname="tests.test_auth_and_trends.TestAuthMe" name="test_me_returns_401_without_token" time="0.052" /><testcase classname="tests.test_auth_and_trends.TestAuthMe" name="test_me_returns_401_with_invalid_token" time="0.069" /><testcase classname="tests.test_auth_and_trends.TestLinkAnalysis" name="test_link_analysis_creates_signal_snapshot" time="0.614" /><testcase classname="tests.test_auth_and_trends.TestLinkAnalysis" name="test_link_analysis_returns_401_without_auth" time="0.153" /><testcase classname="tests.test_auth_and_trends.TestMyAnalyses" name="test_my_analyses_returns_list" time="0.391" /><testcase classname="tests.test_auth_and_trends.TestMyAnalyses" name="test_my_analyses_returns_401_without_auth" time="0.066" /><testcase classname="tests.test_auth_and_trends.TestSignalTrends" name="test_signal_trends_returns_has_previous_false_for_first_analysis" time="0.813" /><testcase classname="tests.test_auth_and_trends.TestSignalTrends" name="test_signal_trends_returns_deltas_for_second_analysis" time="0.940" /><testcase classname="tests.test_auth_and_trends.TestSignalTrends" name="test_signal_trends_returns_401_without_auth" time="0.071" /><testcase classname="tests.test_auth_and_trends.TestExistingTestAccount" name="test_existing_test_account_works" time="0.295" /><testcase classname="tests.test_auth_and_trends.TestExistingTestAccount" name="test_existing_test_account_has_linked_analyses" time="0.370" /></testsuite></testsuites>