<?xml version="1.0" encoding="utf-8"?><testsuites name="pytest tests"><testsuite name="pytest" errors="0" failures="0" skipped="0" tests="12" time="5.638" timestamp="2026-03-11T17:10:54.317626+00:00" hostname="agent-env-82238e63-c17c-4923-90c9-4aa8ed93d23f"><testcase classname="backend.tests.test_case_database.TestCaseStats" name="test_cases_stats_total_300" time="0.326" /><testcase classname="backend.tests.test_case_database.TestCaseStats" name="test_cases_stats_outcome_distribution" time="0.144" /><testcase classname="backend.tests.test_case_database.TestCaseComparison" name="test_results_has_case_comparison_structure" time="0.352" /><testcase classname="backend.tests.test_case_database.TestCaseComparison" name="test_case_comparison_with_high_signals" time="0.448" /><testcase classname="backend.tests.test_case_database.TestCaseComparison" name="test_case_comparison_with_no_changes" time="0.369" /><testcase classname="backend.tests.test_case_database.TestCaseComparison" name="test_case_comparison_insights_are_dynamic" time="1.239" /><testcase classname="backend.tests.test_case_database.TestPatternStatisticsFromDB" name="test_pattern_statistics_present" time="0.386" /><testcase classname="backend.tests.test_case_database.TestPatternStatisticsFromDB" name="test_pattern_statistics_sum_roughly_100" time="0.390" /><testcase classname="backend.tests.test_case_database.TestCaseRequiredFields" name="test_case_comparison_outcome_breakdown_valid" time="0.394" /><testcase classname="backend.tests.test_case_database.TestCaseRequiredFields" name="test_insights_contain_pattern_match_text" time="0.346" /><testcase classname="backend.tests.test_case_database.TestSignalMapping" name="test_phone_secrecy_maps_correctly" time="0.384" /><testcase classname="backend.tests.test_case_database.TestSignalMapping" name="test_multiple_signal_overlap_increases_matches" time="0.797" /></testsuite></testsuites>