<?xml version="1.0" encoding="utf-8"?><testsuites name="pytest tests"><testsuite name="pytest" errors="0" failures="1" skipped="0" tests="12" time="667.669" timestamp="2026-03-11T20:13:10.144451+00:00" hostname="agent-env-35e01ef9-a33a-48c4-95f5-8be3cb9412c7"><testcase classname="backend.tests.test_conversation_coach.TestConversationCoachEndpoint" name="test_conversation_coach_returns_200_with_valid_session" time="57.341" /><testcase classname="backend.tests.test_conversation_coach.TestConversationCoachEndpoint" name="test_conversation_coach_returns_404_for_invalid_session" time="0.205" /><testcase classname="backend.tests.test_conversation_coach.TestConversationCoachEndpoint" name="test_response_has_framing_object" time="26.383" /><testcase classname="backend.tests.test_conversation_coach.TestConversationCoachEndpoint" name="test_response_has_openings_array" time="23.485" /><testcase classname="backend.tests.test_conversation_coach.TestConversationCoachEndpoint" name="test_response_has_questions_array" time="31.163" /><testcase classname="backend.tests.test_conversation_coach.TestConversationCoachEndpoint" name="test_response_has_avoid_array" time="30.079" /><testcase classname="backend.tests.test_conversation_coach.TestConversationCoachEndpoint" name="test_response_has_emotional_preparation_object" time="27.660" /><testcase classname="backend.tests.test_conversation_coach.TestConversationCoachEndpoint" name="test_response_has_observe_array" time="29.239" /><testcase classname="backend.tests.test_conversation_coach.TestConversationCoachEndpoint" name="test_all_tones_work" time="86.777"><failure message="AssertionError: Tone 'supportive' failed with 502&#10;assert 502 == 200&#10; +  where 502 = &lt;Response [502]&gt;.status_code">backend/tests/test_conversation_coach.py:219: in test_all_tones_work
    assert response.status_code == 200, f"Tone '{tone}' failed with {response.status_code}"
E   AssertionError: Tone 'supportive' failed with 502
E   assert 502 == 200
E    +  where 502 = &lt;Response [502]&gt;.status_code</failure></testcase><testcase classname="backend.tests.test_conversation_coach.TestConversationCoachEndpoint" name="test_all_topics_work" time="225.364" /><testcase classname="backend.tests.test_conversation_coach.TestConversationCoachEndpoint" name="test_guidance_personalization_mentions_signals" time="55.508" /><testcase classname="backend.tests.test_conversation_coach.TestConversationCoachFallback" name="test_fallback_still_returns_valid_structure" time="74.371" /></testsuite></testsuites>