<?xml version="1.0" encoding="utf-8"?><testsuites name="pytest tests"><testsuite name="pytest" errors="0" failures="0" skipped="0" tests="13" time="177.472" timestamp="2026-03-11T18:43:46.709733+00:00" hostname="agent-env-35e01ef9-a33a-48c4-95f5-8be3cb9412c7"><testcase classname="tests.test_hybrid_question_engine.TestSessionCreation" name="test_start_analysis_creates_session" time="0.257" /><testcase classname="tests.test_hybrid_question_engine.TestSessionCreation" name="test_baseline_records_data" time="0.267" /><testcase classname="tests.test_hybrid_question_engine.TestSessionCreation" name="test_changes_records_categories" time="0.366" /><testcase classname="tests.test_hybrid_question_engine.TestSessionCreation" name="test_timeline_records_data" time="0.483" /><testcase classname="tests.test_hybrid_question_engine.TestCoreQuestions" name="test_first_question_is_core" time="0.677" /><testcase classname="tests.test_hybrid_question_engine.TestCoreQuestions" name="test_all_five_core_questions_returned_sequentially" time="24.052" /><testcase classname="tests.test_hybrid_question_engine.TestMildAnswersNoFollowups" name="test_mild_answers_trigger_immediate_complete" time="25.587" /><testcase classname="tests.test_hybrid_question_engine.TestConcerningAnswersAdaptiveFollowups" name="test_concerning_answers_trigger_adaptive_stage" time="29.722" /><testcase classname="tests.test_hybrid_question_engine.TestConcerningAnswersAdaptiveFollowups" name="test_first_followup_has_transition_message" time="34.415" /><testcase classname="tests.test_hybrid_question_engine.TestMaxFollowupsEnforced" name="test_max_three_followups_enforced" time="55.759" /><testcase classname="tests.test_hybrid_question_engine.TestAnswerProcessing" name="test_answer_returns_expected_fields" time="5.510" /><testcase classname="tests.test_hybrid_question_engine.TestInvalidSession" name="test_question_for_invalid_session_returns_404" time="0.131" /><testcase classname="tests.test_hybrid_question_engine.TestInvalidSession" name="test_answer_for_invalid_session_returns_404" time="0.128" /></testsuite></testsuites>