<?xml version="1.0" encoding="utf-8"?><testsuites name="pytest tests"><testsuite name="pytest" errors="0" failures="0" skipped="0" tests="11" time="8.391" timestamp="2026-03-12T22:37:31.177280+00:00" hostname="agent-env-d789833a-d241-4501-8288-e779d70b0bbb"><testcase classname="backend.tests.test_landing_system_check.TestSystemHealth" name="test_api_root_responds" time="0.147" /><testcase classname="backend.tests.test_landing_system_check.TestAnalysisStart" name="test_start_deep_analysis" time="0.116" /><testcase classname="backend.tests.test_landing_system_check.TestAnalysisStart" name="test_start_pulse_analysis" time="0.152" /><testcase classname="backend.tests.test_landing_system_check.TestQuestionRetrieval" name="test_get_question_for_valid_session" time="0.251" /><testcase classname="backend.tests.test_landing_system_check.TestQuestionRetrieval" name="test_get_question_invalid_session" time="0.151" /><testcase classname="backend.tests.test_landing_system_check.TestAuthEndpoints" name="test_register_new_user" time="0.409" /><testcase classname="backend.tests.test_landing_system_check.TestAuthEndpoints" name="test_login_with_valid_credentials" time="0.344" /><testcase classname="backend.tests.test_landing_system_check.TestAuthEndpoints" name="test_login_invalid_credentials" time="0.151" /><testcase classname="backend.tests.test_landing_system_check.TestMirrorMode" name="test_create_mirror_session" time="0.257" /><testcase classname="backend.tests.test_landing_system_check.TestReportSharing" name="test_share_report_endpoint" time="0.242" /><testcase classname="backend.tests.test_landing_system_check.TestFullAnalysisFlow" name="test_complete_analysis_flow" time="6.062" /></testsuite></testsuites>