<?xml version="1.0" encoding="utf-8"?><testsuites name="pytest tests"><testsuite name="pytest" errors="0" failures="0" skipped="0" tests="15" time="323.756" timestamp="2026-03-11T19:38:44.682337+00:00" hostname="agent-env-35e01ef9-a33a-48c4-95f5-8be3cb9412c7"><testcase classname="backend.tests.test_mirror_dual_perspective.TestMirrorCreate" name="test_create_mirror_session_success" time="26.140" /><testcase classname="backend.tests.test_mirror_dual_perspective.TestMirrorCreate" name="test_create_mirror_session_invalid_session" time="0.199" /><testcase classname="backend.tests.test_mirror_dual_perspective.TestMirrorJoin" name="test_join_mirror_session_creates_partner_b_session" time="24.620" /><testcase classname="backend.tests.test_mirror_dual_perspective.TestMirrorJoin" name="test_join_mirror_session_already_joined_returns_flag" time="27.114" /><testcase classname="backend.tests.test_mirror_dual_perspective.TestMirrorJoin" name="test_join_invalid_mirror_returns_404" time="0.166" /><testcase classname="backend.tests.test_mirror_dual_perspective.TestMirrorStatus" name="test_status_before_partner_b_joins" time="29.898" /><testcase classname="backend.tests.test_mirror_dual_perspective.TestMirrorStatus" name="test_status_after_partner_b_joins" time="33.669" /><testcase classname="backend.tests.test_mirror_dual_perspective.TestMirrorStatus" name="test_status_invalid_mirror_returns_404" time="0.195" /><testcase classname="backend.tests.test_mirror_dual_perspective.TestMirrorConsent" name="test_partner_a_consent" time="30.563" /><testcase classname="backend.tests.test_mirror_dual_perspective.TestMirrorConsent" name="test_partner_b_consent" time="27.633" /><testcase classname="backend.tests.test_mirror_dual_perspective.TestMirrorConsent" name="test_consent_invalid_session_returns_403" time="27.384" /><testcase classname="backend.tests.test_mirror_dual_perspective.TestMirrorReportGuard" name="test_report_returns_403_when_no_consent" time="27.429" /><testcase classname="backend.tests.test_mirror_dual_perspective.TestMirrorReportGuard" name="test_report_returns_403_when_only_one_consented" time="28.262" /><testcase classname="backend.tests.test_mirror_dual_perspective.TestMirrorFullFlow" name="test_full_dual_perspective_flow_with_report" time="40.162" /><testcase classname="backend.tests.test_mirror_dual_perspective.TestPreExistingMirrorSession" name="test_pre_existing_mirror_report" time="0.195" /></testsuite></testsuites>