<?xml version="1.0" encoding="utf-8"?><testsuites name="pytest tests"><testsuite name="pytest" errors="0" failures="0" skipped="0" tests="8" time="3.966" timestamp="2026-03-11T19:48:01.990240+00:00" hostname="agent-env-35e01ef9-a33a-48c4-95f5-8be3cb9412c7"><testcase classname="backend.tests.test_mirror_quick.TestMirrorAPIQuick" name="test_create_mirror_basic" time="0.382" /><testcase classname="backend.tests.test_mirror_quick.TestMirrorAPIQuick" name="test_mirror_status_endpoint" time="0.281" /><testcase classname="backend.tests.test_mirror_quick.TestMirrorAPIQuick" name="test_mirror_join_endpoint" time="0.331" /><testcase classname="backend.tests.test_mirror_quick.TestMirrorAPIQuick" name="test_mirror_consent_endpoint" time="1.960" /><testcase classname="backend.tests.test_mirror_quick.TestMirrorAPIQuick" name="test_mirror_report_guard" time="0.248" /><testcase classname="backend.tests.test_mirror_quick.TestMirrorAPIQuick" name="test_invalid_mirror_id_404" time="0.303" /><testcase classname="backend.tests.test_mirror_quick.TestMirrorAPIQuick" name="test_invalid_session_consent_403" time="0.253" /><testcase classname="backend.tests.test_mirror_quick.TestMirrorReportWithExisting" name="test_existing_mirror_report" time="0.141" /></testsuite></testsuites>