<?xml version="1.0" encoding="utf-8"?><testsuites name="pytest tests"><testsuite name="pytest" errors="0" failures="0" skipped="0" tests="12" time="5.484" timestamp="2026-03-11T16:38:08.277179+00:00" hostname="agent-env-82238e63-c17c-4923-90c9-4aa8ed93d23f"><testcase classname="backend.tests.test_new_features.TestPerceptionConsistency" name="test_perception_consistency_in_results" time="0.405" /><testcase classname="backend.tests.test_new_features.TestPerceptionConsistency" name="test_high_satisfaction_many_changes_inconsistency" time="0.600" /><testcase classname="backend.tests.test_new_features.TestPerceptionConsistency" name="test_high_transparency_phone_secrecy_inconsistency" time="0.561" /><testcase classname="backend.tests.test_new_features.TestPerceptionConsistency" name="test_high_closeness_emotional_distance_inconsistency" time="0.543" /><testcase classname="backend.tests.test_new_features.TestPerceptionConsistency" name="test_no_inconsistencies_consistent_answers" time="0.610" /><testcase classname="backend.tests.test_new_features.TestPatternComparisonPct" name="test_pattern_comparison_pct_in_results" time="0.240" /><testcase classname="backend.tests.test_new_features.TestPatternComparisonPct" name="test_pattern_comparison_increases_with_score" time="1.211" /><testcase classname="backend.tests.test_new_features.TestTimelineHistory" name="test_get_timeline_history_returns_entries" time="0.102" /><testcase classname="backend.tests.test_new_features.TestTimelineHistory" name="test_post_timeline_history_saves_entry" time="0.467" /><testcase classname="backend.tests.test_new_features.TestTimelineHistory" name="test_timeline_history_entry_structure" time="0.234" /><testcase classname="backend.tests.test_new_features.TestTimelineHistory" name="test_timeline_history_max_50_entries" time="0.116" /><testcase classname="backend.tests.test_new_features.TestResultsAllNewFields" name="test_results_has_all_new_fields" time="0.259" /></testsuite></testsuites>