<?xml version="1.0" encoding="utf-8"?><testsuites name="pytest tests"><testsuite name="pytest" errors="0" failures="0" skipped="0" tests="17" time="79.785" timestamp="2026-03-13T11:05:03.920665+00:00" hostname="agent-env-d789833a-d241-4501-8288-e779d70b0bbb"><testcase classname="backend.tests.test_new_features_v2.TestCoreAPIHealth" name="test_api_root" time="0.208" /><testcase classname="backend.tests.test_new_features_v2.TestCoreAPIHealth" name="test_analysis_start_deep" time="0.120" /><testcase classname="backend.tests.test_new_features_v2.TestAnalysisFlow" name="test_get_question" time="15.140" /><testcase classname="backend.tests.test_new_features_v2.TestAnalysisFlow" name="test_get_results" time="7.947" /><testcase classname="backend.tests.test_new_features_v2.TestConversationCoach" name="test_conversation_coach_guidance" time="28.890" /><testcase classname="backend.tests.test_new_features_v2.TestConversationCoach" name="test_conversation_coach_pdf_export" time="24.036" /><testcase classname="backend.tests.test_new_features_v2.TestConversationCoach" name="test_conversation_coach_pdf_invalid_session" time="0.139" /><testcase classname="backend.tests.test_new_features_v2.TestAuthentication" name="test_login_valid_credentials" time="0.426" /><testcase classname="backend.tests.test_new_features_v2.TestAuthentication" name="test_login_invalid_credentials" time="0.126" /><testcase classname="backend.tests.test_new_features_v2.TestAuthentication" name="test_register_new_user" time="0.354" /><testcase classname="backend.tests.test_new_features_v2.TestMyAnalyses" name="test_my_analyses_requires_auth" time="0.116" /><testcase classname="backend.tests.test_new_features_v2.TestMyAnalyses" name="test_my_analyses_with_auth" time="0.445" /><testcase classname="backend.tests.test_new_features_v2.TestMyAnalyses" name="test_link_analysis_and_retrieve" time="0.561" /><testcase classname="backend.tests.test_new_features_v2.TestSharedReport" name="test_create_shared_report" time="0.234" /><testcase classname="backend.tests.test_new_features_v2.TestSharedReport" name="test_get_shared_report" time="0.336" /><testcase classname="backend.tests.test_new_features_v2.TestSharedReport" name="test_get_report_pdf" time="0.331" /><testcase classname="backend.tests.test_new_features_v2.TestMirrorMode" name="test_create_mirror_session" time="0.231" /></testsuite></testsuites>