<?xml version="1.0" encoding="utf-8"?><testsuites name="pytest tests"><testsuite name="pytest" errors="0" failures="0" skipped="0" tests="16" time="70.368" timestamp="2026-03-13T15:43:26.585640+00:00" hostname="agent-env-d789833a-d241-4501-8288-e779d70b0bbb"><testcase classname="backend.tests.test_p3_demographic_and_contribute.TestEnhancedDemographicFiltering" name="test_baseline_accepts_age_range_and_cohabitation" time="0.342" /><testcase classname="backend.tests.test_p3_demographic_and_contribute.TestEnhancedDemographicFiltering" name="test_baseline_works_without_optional_fields" time="0.295" /><testcase classname="backend.tests.test_p3_demographic_and_contribute.TestEnhancedDemographicFiltering" name="test_baseline_with_all_age_ranges" time="1.534" /><testcase classname="backend.tests.test_p3_demographic_and_contribute.TestEnhancedDemographicFiltering" name="test_baseline_with_all_cohabitation_statuses" time="1.092" /><testcase classname="backend.tests.test_p3_demographic_and_contribute.TestGlobalPatternEngine" name="test_get_case_stats" time="0.217" /><testcase classname="backend.tests.test_p3_demographic_and_contribute.TestGlobalPatternEngine" name="test_contribute_from_session_valid_outcome" time="0.650" /><testcase classname="backend.tests.test_p3_demographic_and_contribute.TestGlobalPatternEngine" name="test_contribute_from_session_invalid_outcome" time="0.963" /><testcase classname="backend.tests.test_p3_demographic_and_contribute.TestGlobalPatternEngine" name="test_contribute_from_session_duplicate_returns_already_contributed" time="0.897" /><testcase classname="backend.tests.test_p3_demographic_and_contribute.TestGlobalPatternEngine" name="test_contribute_from_session_missing_fields" time="0.380" /><testcase classname="backend.tests.test_p3_demographic_and_contribute.TestGlobalPatternEngine" name="test_contribute_from_session_invalid_session" time="0.138" /><testcase classname="backend.tests.test_p3_demographic_and_contribute.TestFullAnalysisFlowWithDemographics" name="test_full_flow_produces_results_with_demographic_filtering" time="37.778" /><testcase classname="backend.tests.test_p3_demographic_and_contribute.TestAuthAndMyAnalyses" name="test_auth_login" time="0.416" /><testcase classname="backend.tests.test_p3_demographic_and_contribute.TestAuthAndMyAnalyses" name="test_auth_register" time="0.376" /><testcase classname="backend.tests.test_p3_demographic_and_contribute.TestAuthAndMyAnalyses" name="test_my_analyses_returns_enhanced_data" time="0.520" /><testcase classname="backend.tests.test_p3_demographic_and_contribute.TestLandingAndConversationCoach" name="test_landing_api_health" time="0.146" /><testcase classname="backend.tests.test_p3_demographic_and_contribute.TestLandingAndConversationCoach" name="test_conversation_coach_pdf" time="24.571" /></testsuite></testsuites>