<?xml version="1.0" encoding="utf-8"?><testsuites name="pytest tests"><testsuite name="pytest" errors="0" failures="0" skipped="0" tests="12" time="4.740" timestamp="2026-03-11T00:29:44.351970+00:00" hostname="agent-env-82238e63-c17c-4923-90c9-4aa8ed93d23f"><testcase classname="backend.tests.test_suspicion_score.TestSuspicionScoreFeature" name="test_api_health" time="0.171" /><testcase classname="backend.tests.test_suspicion_score.TestSuspicionScoreFeature" name="test_start_analysis_creates_session" time="0.131" /><testcase classname="backend.tests.test_suspicion_score.TestSuspicionScoreFeature" name="test_submit_baseline_accepts_data" time="0.265" /><testcase classname="backend.tests.test_suspicion_score.TestSuspicionScoreFeature" name="test_submit_changes_accepts_categories" time="0.458" /><testcase classname="backend.tests.test_suspicion_score.TestSuspicionScoreFeature" name="test_submit_timeline_accepts_data" time="0.471" /><testcase classname="backend.tests.test_suspicion_score.TestSuspicionScoreFeature" name="test_results_returns_suspicion_score_and_label" time="0.693" /><testcase classname="backend.tests.test_suspicion_score.TestSuspicionScoreFeature" name="test_high_risk_scenario_suspicion_score" time="0.671" /><testcase classname="backend.tests.test_suspicion_score.TestSuspicionScoreFeature" name="test_empty_session_returns_zero_score" time="0.237" /><testcase classname="backend.tests.test_suspicion_score.TestSuspicionScoreFeature" name="test_low_risk_scenario" time="0.639" /><testcase classname="backend.tests.test_suspicion_score.TestSuspicionScoreFeature" name="test_moderate_risk_scenario" time="0.617" /><testcase classname="backend.tests.test_suspicion_score.TestSuspicionScoreFeature" name="test_results_contains_all_required_fields" time="0.223" /><testcase classname="backend.tests.test_suspicion_score.TestSuspicionScoreFeature" name="test_invalid_session_returns_404" time="0.112" /></testsuite></testsuites>