<?xml version="1.0" encoding="utf-8"?><testsuites name="pytest tests"><testsuite name="pytest" errors="0" failures="0" skipped="0" tests="11" time="3.469" timestamp="2026-03-11T17:01:34.928628+00:00" hostname="agent-env-82238e63-c17c-4923-90c9-4aa8ed93d23f"><testcase classname="backend.tests.test_share_report.TestCreateSharedReport" name="test_create_shared_report_returns_report_id" time="0.363" /><testcase classname="backend.tests.test_share_report.TestCreateSharedReport" name="test_create_shared_report_with_minimal_data" time="0.197" /><testcase classname="backend.tests.test_share_report.TestCreateSharedReport" name="test_create_shared_report_with_empty_body" time="0.133" /><testcase classname="backend.tests.test_share_report.TestGetSharedReport" name="test_get_shared_report_returns_stored_data" time="0.319" /><testcase classname="backend.tests.test_share_report.TestGetSharedReport" name="test_get_invalid_report_returns_404" time="0.166" /><testcase classname="backend.tests.test_share_report.TestGetSharedReport" name="test_get_nonexistent_report_returns_404" time="0.140" /><testcase classname="backend.tests.test_share_report.TestReportDataAnonymization" name="test_report_does_not_store_session_id" time="0.346" /><testcase classname="backend.tests.test_share_report.TestReportDataAnonymization" name="test_report_contains_required_anonymized_fields" time="0.249" /><testcase classname="backend.tests.test_share_report.TestReportDataAnonymization" name="test_report_limits_clarity_actions_to_four" time="0.317" /><testcase classname="backend.tests.test_share_report.TestExistingSharedReport" name="test_existing_report_loads" time="0.129" /><testcase classname="backend.tests.test_share_report.TestReportIntegrationWithResults" name="test_create_report_from_real_results" time="1.041" /></testsuite></testsuites>