<?xml version="1.0" encoding="utf-8"?><testsuites name="pytest tests"><testsuite name="pytest" errors="0" failures="0" skipped="0" tests="9" time="52.959" timestamp="2026-03-11T21:14:36.465898+00:00" hostname="agent-env-35e01ef9-a33a-48c4-95f5-8be3cb9412c7"><testcase classname="backend.tests.test_signal_strength_summary.TestSignalStrengthSummaryBackend" name="test_results_endpoint_includes_signal_strength_summary" time="5.880" /><testcase classname="backend.tests.test_signal_strength_summary.TestSignalStrengthSummaryBackend" name="test_signal_strength_summary_structure" time="5.315" /><testcase classname="backend.tests.test_signal_strength_summary.TestSignalStrengthSummaryBackend" name="test_signal_item_fields" time="6.741" /><testcase classname="backend.tests.test_signal_strength_summary.TestSignalStrengthSummaryBackend" name="test_strong_signals_categorization" time="5.356" /><testcase classname="backend.tests.test_signal_strength_summary.TestSignalStrengthSummaryBackend" name="test_moderate_signals_categorization" time="5.359" /><testcase classname="backend.tests.test_signal_strength_summary.TestSignalStrengthSummaryBackend" name="test_weak_signals_categorization" time="5.403" /><testcase classname="backend.tests.test_signal_strength_summary.TestSignalStrengthSummaryBackend" name="test_total_signals_count_matches" time="5.536" /><testcase classname="backend.tests.test_signal_strength_summary.TestSignalStrengthSummaryBackend" name="test_signal_descriptions_are_non_accusatory" time="5.448" /><testcase classname="backend.tests.test_signal_strength_summary.TestSignalStrengthSummaryBackend" name="test_signal_strength_for_session_without_data" time="7.856" /></testsuite></testsuites>