<?xml version="1.0" encoding="utf-8"?><testsuites name="pytest tests"><testsuite name="pytest" errors="0" failures="0" skipped="0" tests="16" time="5.543" timestamp="2026-03-11T17:33:39.201867+00:00" hostname="agent-env-82238e63-c17c-4923-90c9-4aa8ed93d23f"><testcase classname="backend.tests.test_structural_upgrade.TestSuspicionScoreCalibration" name="test_high_risk_signals_score_70_95" time="0.782" /><testcase classname="backend.tests.test_structural_upgrade.TestSuspicionScoreCalibration" name="test_score_components_signal_intensity" time="0.680" /><testcase classname="backend.tests.test_structural_upgrade.TestSuspicionScoreCalibration" name="test_score_components_pattern_matches" time="0.348" /><testcase classname="backend.tests.test_structural_upgrade.TestEnhancedRelationshipPulse" name="test_pulse_accepts_5_fields" time="0.236" /><testcase classname="backend.tests.test_structural_upgrade.TestEnhancedRelationshipPulse" name="test_low_trust_high_tension_pulse_suspicion_50_plus" time="0.247" /><testcase classname="backend.tests.test_structural_upgrade.TestEnhancedRelationshipPulse" name="test_high_strain_recommendation_mentions_deep_analysis" time="0.272" /><testcase classname="backend.tests.test_structural_upgrade.TestEnhancedRelationshipPulse" name="test_healthy_pulse_returns_low_suspicion" time="0.393" /><testcase classname="backend.tests.test_structural_upgrade.TestPDFExport" name="test_pdf_export_returns_200_with_pdf" time="0.369" /><testcase classname="backend.tests.test_structural_upgrade.TestPDFExport" name="test_pdf_export_404_for_nonexistent_report" time="0.136" /><testcase classname="backend.tests.test_structural_upgrade.TestCaseContribution" name="test_contribute_case_success" time="0.117" /><testcase classname="backend.tests.test_structural_upgrade.TestCaseContribution" name="test_contribute_case_invalid_outcome_400" time="0.128" /><testcase classname="backend.tests.test_structural_upgrade.TestCaseContribution" name="test_contribute_case_missing_required_fields_400" time="0.297" /><testcase classname="backend.tests.test_structural_upgrade.TestCaseContribution" name="test_contribute_case_all_valid_outcomes" time="0.663" /><testcase classname="backend.tests.test_structural_upgrade.TestCaseStatsWithContributions" name="test_case_stats_shows_301_plus_cases" time="0.319" /><testcase classname="backend.tests.test_structural_upgrade.TestCaseStatsWithContributions" name="test_case_stats_outcome_distribution" time="0.133" /><testcase classname="backend.tests.test_structural_upgrade.TestResultsCaseComparisonInsights" name="test_case_comparison_insights_dynamic" time="0.355" /></testsuite></testsuites>